# JRE version: Java(TM) SE Runtime Environment (17.0.12+8) (build 17.0.12+8-LTS-286)
# Java VM: Java HotSpot(TM) 64-Bit Server VM (17.0.12+8-LTS-286, mixed mode, sharing, tiered, compressed oops, compressed class ptrs, g1 gc, windows-amd64)
GC Precious Log:
 CPUs: 8 total, 8 available
 Memory: 7874M
 Large Page Support: Disabled
 NUMA Support: Disabled
 Compressed Oops: Enabled (32-bit)
 Heap Region Size: 1M
 Heap Min Capacity: 8M
 Heap Initial Capacity: 124M
 Heap Max Capacity: 1970M
 Pre-touch: Disabled
 Parallel Workers: 8
 Concurrent Workers: 2
 Concurrent Refinement Workers: 8
 Periodic GC: Disabled
Heap:
 garbage-first heap   total 117760K, used 69845K [0x0000000084e00000, 0x0000000100000000)
  region size 1024K, 4 young (4096K), 2 survivors (2048K)
 Metaspace       used 55991K, committed 56576K, reserved 1114112K
  class space    used 7659K, committed 7936K, reserved 1048576K
GC Heap History (20 events):
Event: 47.650 GC heap before
{Heap before GC invocations=14 (full 0):
 garbage-first heap   total 48128K, used 36469K [0x0000000084e00000, 0x0000000100000000)
  region size 1024K, 17 young (17408K), 3 survivors (3072K)
 Metaspace       used 47108K, committed 47552K, reserved 1114112K
  class space    used 6508K, committed 6720K, reserved 1048576K
}
Event: 47.673 GC heap after
{Heap after GC invocations=15 (full 0):
 garbage-first heap   total 48128K, used 24343K [0x0000000084e00000, 0x0000000100000000)
  region size 1024K, 2 young (2048K), 2 survivors (2048K)
 Metaspace       used 47108K, committed 47552K, reserved 1114112K
  class space    used 6508K, committed 6720K, reserved 1048576K
}
Event: 49.353 GC heap before
{Heap before GC invocations=15 (full 0):
 garbage-first heap   total 48128K, used 36631K [0x0000000084e00000, 0x0000000100000000)
  region size 1024K, 15 young (15360K), 2 survivors (2048K)
 Metaspace       used 50128K, committed 50624K, reserved 1114112K
  class space    used 6936K, committed 7168K, reserved 1048576K
}
Event: 49.361 GC heap after
{Heap after GC invocations=16 (full 0):
 garbage-first heap   total 48128K, used 25195K [0x0000000084e00000, 0x0000000100000000)
  region size 1024K, 2 young (2048K), 2 survivors (2048K)
 Metaspace       used 50128K, committed 50624K, reserved 1114112K
  class space    used 6936K, committed 7168K, reserved 1048576K
}
Event: 50.930 GC heap before
{Heap before GC invocations=17 (full 0):
 garbage-first heap   total 48128K, used 33387K [0x0000000084e00000, 0x0000000100000000)
  region size 1024K, 11 young (11264K), 2 survivors (2048K)
 Metaspace       used 53951K, committed 54528K, reserved 1114112K
  class space    used 7377K, committed 7616K, reserved 1048576K
}
Event: 50.944 GC heap after
{Heap after GC invocations=18 (full 0):
 garbage-first heap   total 48128K, used 26351K [0x0000000084e00000, 0x0000000100000000)
  region size 1024K, 2 young (2048K), 2 survivors (2048K)
 Metaspace       used 53951K, committed 54528K, reserved 1114112K
  class space    used 7377K, committed 7616K, reserved 1048576K
}
Event: 52.349 GC heap before
{Heap before GC invocations=19 (full 0):
 garbage-first heap   total 55296K, used 36591K [0x0000000084e00000, 0x0000000100000000)
  region size 1024K, 9 young (9216K), 2 survivors (2048K)
 Metaspace       used 55581K, committed 56192K, reserved 1114112K
  class space    used 7637K, committed 7936K, reserved 1048576K
}
Event: 52.355 GC heap after
{Heap after GC invocations=20 (full 0):
 garbage-first heap   total 55296K, used 32077K [0x0000000084e00000, 0x0000000100000000)
  region size 1024K, 1 young (1024K), 1 survivors (1024K)
 Metaspace       used 55581K, committed 56192K, reserved 1114112K
  class space    used 7637K, committed 7936K, reserved 1048576K
}
Event: 52.595 GC heap before
{Heap before GC invocations=21 (full 0):
 garbage-first heap   total 65536K, used 38221K [0x0000000084e00000, 0x0000000100000000)
  region size 1024K, 3 young (3072K), 1 survivors (1024K)
 Metaspace       used 55705K, committed 56320K, reserved 1114112K
  class space    used 7658K, committed 7936K, reserved 1048576K
}
Event: 52.598 GC heap after
{Heap after GC invocations=22 (full 0):
 garbage-first heap   total 65536K, used 37401K [0x0000000084e00000, 0x0000000100000000)
  region size 1024K, 1 young (1024K), 1 survivors (1024K)
 Metaspace       used 55705K, committed 56320K, reserved 1114112K
  class space    used 7658K, committed 7936K, reserved 1048576K
}
Event: 52.782 GC heap before
{Heap before GC invocations=23 (full 0):
 garbage-first heap   total 73728K, used 42521K [0x0000000084e00000, 0x0000000100000000)
  region size 1024K, 2 young (2048K), 1 survivors (1024K)
 Metaspace       used 55736K, committed 56320K, reserved 1114112K
  class space    used 7658K, committed 7936K, reserved 1048576K
}
Event: 52.785 GC heap after
{Heap after GC invocations=24 (full 0):
 garbage-first heap   total 73728K, used 42580K [0x0000000084e00000, 0x0000000100000000)
  region size 1024K, 1 young (1024K), 1 survivors (1024K)
 Metaspace       used 55736K, committed 56320K, reserved 1114112K
  class space    used 7658K, committed 7936K, reserved 1048576K
}
Event: 52.988 GC heap before
{Heap before GC invocations=25 (full 0):
 garbage-first heap   total 81920K, used 47700K [0x0000000084e00000, 0x0000000100000000)
  region size 1024K, 2 young (2048K), 1 survivors (1024K)
 Metaspace       used 55782K, committed 56384K, reserved 1114112K
  class space    used 7658K, committed 7936K, reserved 1048576K
}
Event: 52.993 GC heap after
{Heap after GC invocations=26 (full 0):
 garbage-first heap   total 81920K, used 47873K [0x0000000084e00000, 0x0000000100000000)
  region size 1024K, 1 young (1024K), 1 survivors (1024K)
 Metaspace       used 55782K, committed 56384K, reserved 1114112K
  class space    used 7658K, committed 7936K, reserved 1048576K
}
Event: 53.165 GC heap before
{Heap before GC invocations=27 (full 0):
 garbage-first heap   total 91136K, used 52993K [0x0000000084e00000, 0x0000000100000000)
  region size 1024K, 2 young (2048K), 1 survivors (1024K)
 Metaspace       used 55833K, committed 56384K, reserved 1114112K
  class space    used 7658K, committed 7936K, reserved 1048576K
}
Event: 53.168 GC heap after
{Heap after GC invocations=28 (full 0):
 garbage-first heap   total 91136K, used 53133K [0x0000000084e00000, 0x0000000100000000)
  region size 1024K, 2 young (2048K), 2 survivors (2048K)
 Metaspace       used 55833K, committed 56384K, reserved 1114112K
  class space    used 7658K, committed 7936K, reserved 1048576K
}
Event: 53.316 GC heap before
{Heap before GC invocations=29 (full 0):
 garbage-first heap   total 101376K, used 58253K [0x0000000084e00000, 0x0000000100000000)
  region size 1024K, 3 young (3072K), 2 survivors (2048K)
 Metaspace       used 55870K, committed 56448K, reserved 1114112K
  class space    used 7658K, committed 7936K, reserved 1048576K
}
Event: 53.321 GC heap after
{Heap after GC invocations=30 (full 0):
 garbage-first heap   total 101376K, used 58374K [0x0000000084e00000, 0x0000000100000000)
  region size 1024K, 2 young (2048K), 2 survivors (2048K)
 Metaspace       used 55870K, committed 56448K, reserved 1114112K
  class space    used 7658K, committed 7936K, reserved 1048576K
}
Event: 53.497 GC heap before
{Heap before GC invocations=31 (full 0):
 garbage-first heap   total 109568K, used 63494K [0x0000000084e00000, 0x0000000100000000)
  region size 1024K, 3 young (3072K), 2 survivors (2048K)
 Metaspace       used 55903K, committed 56448K, reserved 1114112K
  class space    used 7659K, committed 7936K, reserved 1048576K
}
Event: 53.502 GC heap after
{Heap after GC invocations=32 (full 0):
 garbage-first heap   total 109568K, used 63701K [0x0000000084e00000, 0x0000000100000000)
  region size 1024K, 2 young (2048K), 2 survivors (2048K)
 Metaspace       used 55903K, committed 56448K, reserved 1114112K
  class space    used 7659K, committed 7936K, reserved 1048576K
}

